<?xml version="1.0" encoding="UTF-8"?>
<testsuite name="Test"
           tests="1"
           failures="1"
           errors="0"
           skipped="0"
           time="114.982">
  <properties />
            <testcase name="testOne_Fail" time="114.982" classname="com.zdz.ant.test.HelloWorldWebdriverTestNG_fail">
                <failure type="java.lang.AssertionError"
                  message="expected [Selenium · 社区 · TesterHome_Fail] but found [Selenium · 社区 · TesterHome]"
              >
<![CDATA[java.lang.AssertionError: expected [Selenium · 社区 · TesterHome_Fail] but found [Selenium · 社区 · TesterHome]
  org.testng.Assert.fail(Assert.java:94)
  org.testng.Assert.failNotEquals(Assert.java:494)
  org.testng.Assert.assertEquals(Assert.java:123)
  org.testng.Assert.assertEquals(Assert.java:176)
  org.testng.Assert.assertEquals(Assert.java:186)
  com.zdz.ant.test.HelloWorldWebdriverTestNG_fail.testOne_Fail(HelloWorldWebdriverTestNG_fail.java:33)
  sun.reflect.NativeMethodAccessorImpl.invoke0(Native Method)
  sun.reflect.NativeMethodAccessorImpl.invoke(Unknown Source)
  sun.reflect.DelegatingMethodAccessorImpl.invoke(Unknown Source)
  java.lang.reflect.Method.invoke(Unknown Source)
  org.testng.internal.MethodInvocationHelper.invokeMethod(MethodInvocationHelper.java:84)
  org.testng.internal.Invoker.invokeMethod(Invoker.java:714)
  org.testng.internal.Invoker.invokeTestMethod(Invoker.java:901)
  org.testng.internal.Invoker.invokeTestMethods(Invoker.java:1231)
  org.testng.internal.TestMethodWorker.invokeTestMethods(TestMethodWorker.java:127)
  org.testng.internal.TestMethodWorker.run(TestMethodWorker.java:111)
  org.testng.TestRunner.privateRun(TestRunner.java:767)
  org.testng.TestRunner.run(TestRunner.java:617)
  org.testng.SuiteRunner.runTest(SuiteRunner.java:334)
  org.testng.SuiteRunner.runSequentially(SuiteRunner.java:329)
  org.testng.SuiteRunner.privateRun(SuiteRunner.java:291)
  org.testng.SuiteRunner.run(SuiteRunner.java:240)
  org.testng.SuiteRunnerWorker.runSuite(SuiteRunnerWorker.java:52)
  org.testng.SuiteRunnerWorker.run(SuiteRunnerWorker.java:86)
  org.testng.TestNG.runSuitesSequentially(TestNG.java:1224)
  org.testng.TestNG.runSuitesLocally(TestNG.java:1149)
  org.testng.TestNG.run(TestNG.java:1057)
  org.testng.TestNG.privateMain(TestNG.java:1364)
  org.testng.TestNG.main(TestNG.java:1333)
]]>
      </failure>

          </testcase>
  
  
  
</testsuite>
